<?xml version="1.0" encoding="UTF-8"?>
<!-- Generated by org.testng.reporters.JUnitReportReporter -->
<testsuite skipped="0" hostname="Amrishs-MacBook-Air.local" name="com.upgrade.uiautomation.UpgradeUIAutomation.test.LoanOfferTest" tests="2" failures="0" timestamp="2020-12-19T20:08:01 PST" time="17.386" errors="0">
  <testcase name="testGetLoanOffer" time="10.541" classname="com.upgrade.uiautomation.UpgradeUIAutomation.test.LoanOfferTest"/>
  <system-out/>
  <testcase name="testValidateLoanOffer" time="6.845" classname="com.upgrade.uiautomation.UpgradeUIAutomation.test.LoanOfferTest"/>
  <system-out/>
</testsuite> <!-- com.upgrade.uiautomation.UpgradeUIAutomation.test.LoanOfferTest -->
